Using pre-set license
Built from '2020.3/staging' branch; Version is '2020.3.38f1 (8f5fde82e2dc) revision 9396190'; Using compiler version '192528614'; Build Type 'Release'
OS: 'Windows 10  (10.0.19042) 64bit Enterprise' Language: 'en' Physical Memory: 16068 MB
BatchMode: 1, IsHumanControllingUs: 0, StartBugReporterOnCrash: 0, Is64bit: 1, IsPro: 0

COMMAND LINE ARGUMENTS:
C:\Program Files\Unity\Hub\Editor\2020.3.38f1\Editor\Unity.exe
-adb2
-batchMode
-noUpm
-name
AssetImportWorker0
-projectPath
C:/Users/nkriger/Documents/GitHub/280-Lab/GitHub Lab
-logFile
Logs/AssetImportWorker0.log
-srvPort
59631
Successfully changed project path to: C:/Users/nkriger/Documents/GitHub/280-Lab/GitHub Lab
C:/Users/nkriger/Documents/GitHub/280-Lab/GitHub Lab
Using Asset Import Pipeline V2.
Refreshing native plugins compatible for Editor in 83.72 ms, found 2 plugins.
Preloading 0 native plugins for Editor in 0.00 ms.
Initialize engine version: 2020.3.38f1 (8f5fde82e2dc)
[Subsystems] Discovering subsystems at path C:/Program Files/Unity/Hub/Editor/2020.3.38f1/Editor/Data/Resources/UnitySubsystems
[Subsystems] Discovering subsystems at path C:/Users/nkriger/Documents/GitHub/280-Lab/GitHub Lab/Assets
GfxDevice: creating device client; threaded=0
Direct3D:
    Version:  Direct3D 11.0 [level 11.1]
    Renderer: NVIDIA GeForce GTX 960 (ID=0x1401)
    Vendor:   
    VRAM:     2002 MB
    Driver:   31.0.15.2698
Initialize mono
Mono path[0] = 'C:/Program Files/Unity/Hub/Editor/2020.3.38f1/Editor/Data/Managed'
Mono path[1] = 'C:/Program Files/Unity/Hub/Editor/2020.3.38f1/Editor/Data/MonoBleedingEdge/lib/mono/unityjit'
Mono config path = 'C:/Program Files/Unity/Hub/Editor/2020.3.38f1/Editor/Data/MonoBleedingEdge/etc'
Using monoOptions --debugger-agent=transport=dt_socket,embedding=1,server=y,suspend=n,address=127.0.0.1:56160
Begin MonoManager ReloadAssembly
Registering precompiled unity dll's ...
Register platform support module: C:/Program Files/Unity/Hub/Editor/2020.3.38f1/Editor/Data/PlaybackEngines/WindowsStandaloneSupport/UnityEditor.WindowsStandalone.Extensions.dll
Registered in 0.000927 seconds.
Native extension for WindowsStandalone target not found
Refreshing native plugins compatible for Editor in 68.71 ms, found 2 plugins.
Preloading 0 native plugins for Editor in 0.00 ms.
Mono: successfully reloaded assembly
- Completed reload, in  0.490 seconds
Domain Reload Profiling:
	ReloadAssembly (490ms)
		BeginReloadAssembly (44ms)
			ExecutionOrderSort (0ms)
			DisableScriptedObjects (0ms)
			BackupInstance (0ms)
			ReleaseScriptingObjects (0ms)
			CreateAndSetChildDomain (1ms)
		EndReloadAssembly (393ms)
			LoadAssemblies (43ms)
			RebuildTransferFunctionScriptingTraits (0ms)
			SetupTypeCache (120ms)
			ReleaseScriptCaches (0ms)
			RebuildScriptCaches (33ms)
			SetupLoadedEditorAssemblies (165ms)
				LogAssemblyErrors (0ms)
				InitializePlatformSupportModulesInManaged (4ms)
				SetLoadedEditorAssemblies (0ms)
				RefreshPlugins (69ms)
				BeforeProcessingInitializeOnLoad (12ms)
				ProcessInitializeOnLoadAttributes (60ms)
				ProcessInitializeOnLoadMethodAttributes (20ms)
				AfterProcessingInitializeOnLoad (0ms)
				EditorAssembliesLoaded (0ms)
			ExecutionOrderSort2 (0ms)
			AwakeInstancesAfterBackupRestoration (0ms)
Platform modules already initialized, skipping
Registering precompiled user dll's ...
Registered in 0.002252 seconds.
Begin MonoManager ReloadAssembly
Native extension for WindowsStandalone target not found
Refreshing native plugins compatible for Editor in 75.06 ms, found 2 plugins.
Preloading 0 native plugins for Editor in 0.00 ms.
Mono: successfully reloaded assembly
- Completed reload, in  1.256 seconds
Domain Reload Profiling:
	ReloadAssembly (1257ms)
		BeginReloadAssembly (122ms)
			ExecutionOrderSort (0ms)
			DisableScriptedObjects (3ms)
			BackupInstance (0ms)
			ReleaseScriptingObjects (0ms)
			CreateAndSetChildDomain (21ms)
		EndReloadAssembly (1092ms)
			LoadAssemblies (75ms)
			RebuildTransferFunctionScriptingTraits (0ms)
			SetupTypeCache (298ms)
			ReleaseScriptCaches (1ms)
			RebuildScriptCaches (67ms)
			SetupLoadedEditorAssemblies (565ms)
				LogAssemblyErrors (0ms)
				InitializePlatformSupportModulesInManaged (3ms)
				SetLoadedEditorAssemblies (0ms)
				RefreshPlugins (75ms)
				BeforeProcessingInitializeOnLoad (79ms)
				ProcessInitializeOnLoadAttributes (255ms)
				ProcessInitializeOnLoadMethodAttributes (151ms)
				AfterProcessingInitializeOnLoad (2ms)
				EditorAssembliesLoaded (0ms)
			ExecutionOrderSort2 (0ms)
			AwakeInstancesAfterBackupRestoration (1ms)
Platform modules already initialized, skipping
========================================================================
Worker process is ready to serve import requests
Launched and connected shader compiler UnityShaderCompiler.exe after 0.07 seconds
Refreshing native plugins compatible for Editor in 1.81 ms, found 2 plugins.
Preloading 0 native plugins for Editor in 0.00 ms.
Unloading 4249 Unused Serialized files (Serialized files now loaded: 0)
System memory in use before: 198.6 MB.
System memory in use after: 198.8 MB.

Unloading 21 unused Assets to reduce memory usage. Loaded Objects now: 4703.
Total: 5.022600 ms (FindLiveObjects: 0.579600 ms CreateObjectMapping: 0.332800 ms MarkObjects: 4.017800 ms  DeleteObjects: 0.091100 ms)

AssetImportParameters requested are different than current active one (requested -> active):
  custom:framework-win-MediaFoundation: 216162199b28c13a410421893ffa2e32 -> 
  custom:video-decoder-ogg-theora: a1e56fd34408186e4bbccfd4996cb3dc -> 
  custom:container-muxer-webm: aa71ff27fc2769a1b78a27578f13a17b -> 
  custom:container-demuxer-webm: 4f35f7cbe854078d1ac9338744f61a02 -> 
  custom:container-demuxer-ogg: 62fdf1f143b41e24485cea50d1cbac27 -> 
  custom:video-encoder-webm-vp8: eb34c28f22e8b96e1ab97ce403110664 -> 
  custom:video-decoder-webm-vp8: 9c59270c3fd7afecdb556c50c9e8de78 -> 
  custom:audio-decoder-ogg-vorbis: bf7c407c2cedff20999df2af8eb42d56 -> 
  custom:audio-encoder-webm-vorbis: bf7c407c2cedff20999df2af8eb42d56 -> 
========================================================================
Received Import Request.
  path: Assets/SampleSceneAssets/TutorialInfo/Readme.asset
  artifactKey: Guid(83c2ed844a8c74b779a4c823d16594b1) Importer(815301076,1909f56bfc062723c751e8b465ee728b)
Start importing Assets/SampleSceneAssets/TutorialInfo/Readme.asset using Guid(83c2ed844a8c74b779a4c823d16594b1) Importer(815301076,1909f56bfc062723c751e8b465ee728b)  -> (artifact id: '2f526ef3cb39c3e098b46d739acdfcb0') in 0.049269 seconds 
========================================================================
Received Import Request.
  Time since last request: 6.832643 seconds.
  path: Assets/HDRPDefaultResources/DefaultHDRISky.exr
  artifactKey: Guid(54a3a0570aebe8949bec4966f1376581) Importer(815301076,1909f56bfc062723c751e8b465ee728b)
Start importing Assets/HDRPDefaultResources/DefaultHDRISky.exr using Guid(54a3a0570aebe8949bec4966f1376581) Importer(815301076,1909f56bfc062723c751e8b465ee728b)  -> (artifact id: '0e26897ef2155f33a9bd671d738ed752') in 0.155657 seconds 
========================================================================
Received Import Request.
  Time since last request: 0.000329 seconds.
  path: Assets/HDRPDefaultResources/DefaultVFXResources.asset
  artifactKey: Guid(145290c901d58b343bdeb3b4362c9ff2) Importer(815301076,1909f56bfc062723c751e8b465ee728b)
Start importing Assets/HDRPDefaultResources/DefaultVFXResources.asset using Guid(145290c901d58b343bdeb3b4362c9ff2) Importer(815301076,1909f56bfc062723c751e8b465ee728b)  -> (artifact id: '1b83f9103a18d73c743ecab2e8f50a74') in 0.025314 seconds 
========================================================================
Received Import Request.
  Time since last request: 0.000280 seconds.
  path: Assets/HDRPDefaultResources/DefaultHDRPAsset.asset
  artifactKey: Guid(e93c35b24eb03c74284e7dc0b755bfcc) Importer(815301076,1909f56bfc062723c751e8b465ee728b)
Start importing Assets/HDRPDefaultResources/DefaultHDRPAsset.asset using Guid(e93c35b24eb03c74284e7dc0b755bfcc) Importer(815301076,1909f56bfc062723c751e8b465ee728b)  -> (artifact id: '5b2c38c78ddf2d9e63285832b6658451') in 0.011917 seconds 
========================================================================
Received Import Request.
  Time since last request: 0.000279 seconds.
  path: Assets/HDRPDefaultResources/DefaultSceneRoot.prefab
  artifactKey: Guid(2bfa7b9d63fa79e4abdc033f54a868d2) Importer(815301076,1909f56bfc062723c751e8b465ee728b)
Start importing Assets/HDRPDefaultResources/DefaultSceneRoot.prefab using Guid(2bfa7b9d63fa79e4abdc033f54a868d2) Importer(815301076,1909f56bfc062723c751e8b465ee728b)  -> (artifact id: 'a23aa341f1194cc7ae6686a0f39db0e8') in 0.030363 seconds 
========================================================================
Received Import Request.
  Time since last request: 1.248370 seconds.
  path: Assets/Scenes
  artifactKey: Guid(2884f057c0b39804e866d76f3ff59637) Importer(815301076,1909f56bfc062723c751e8b465ee728b)
Start importing Assets/Scenes using Guid(2884f057c0b39804e866d76f3ff59637) Importer(815301076,1909f56bfc062723c751e8b465ee728b)  -> (artifact id: 'e3a560b55fd5747be9b1767d71cfb047') in 0.006287 seconds 
========================================================================
Received Import Request.
  Time since last request: 6.201902 seconds.
  path: Assets/Scenes/Test.unity
  artifactKey: Guid(ceaaf099d8b52584aa29ced26509b3d0) Importer(815301076,1909f56bfc062723c751e8b465ee728b)
Start importing Assets/Scenes/Test.unity using Guid(ceaaf099d8b52584aa29ced26509b3d0) Importer(815301076,1909f56bfc062723c751e8b465ee728b)  -> (artifact id: '57407a97b7038dcdbf8f78bc8d98a4cd') in 0.013000 seconds 
AssetImportWorkerClient::OnTransportError - code=2 error=End of file
